###!------------------------------------------------------------------
###! JOC DE PROVES DE CAMBRA
###!------------------------------------------------------------------
###!
###!
###!------------------------------------------------------------------
###1 Cambra: Constructora
###!------------------------------------------------------------------
###!
###!------------------------------------------------------------------
###1.1 Constructora basica
###!------------------------------------------------------------------
###!
#init c cambra
#print_c
Error::gen_driver:4:Objeto inexistente
##***
##* *
##***
###!
###!------------------------------------------------------------------
###1.2 Constructora 1 orientacio
###!------------------------------------------------------------------
###!
#init cN cambra N
#print_c
Error::gen_driver:4:Objeto inexistente
##* *
##* *
##***
#init cE cambra E
#print_c
Error::gen_driver:4:Objeto inexistente
##***
##*  
##***
#init cO cambra O
#print_c
Error::gen_driver:4:Objeto inexistente
##***
##  *
##***
#init cS cambra S
#print_c
Error::gen_driver:4:Objeto inexistente
##***
##* *
##* *
###!
###!------------------------------------------------------------------
###1.3 Constructora 2 orientacions
###!------------------------------------------------------------------
###!
#init cNS cambra N S
#print_c
Error::gen_driver:4:Objeto inexistente
##* *
##* *
##* *
#init cEO cambra E O
#print_c
Error::gen_driver:4:Objeto inexistente
##***
##   
##***
#init cNE cambra N E
#print_c
Error::gen_driver:4:Objeto inexistente
##* *
##*  
##***
#init cNO cambra N O
#print_c
Error::gen_driver:4:Objeto inexistente
##* *
##  *
##***
#init cES cambra E S
#print_c
Error::gen_driver:4:Objeto inexistente
##***
##*  
##* *
#init cSO cambra S O
#print_c
Error::gen_driver:4:Objeto inexistente
##***
##  *
##* *
###!
###!------------------------------------------------------------------
###1.4 Constructora 3 orientacions
###!------------------------------------------------------------------
###!
#init cNES cambra N E S
#print_c
Error::gen_driver:4:Objeto inexistente
##* *
##*  
##* *
#init cESO cambra E S O
#print_c
Error::gen_driver:4:Objeto inexistente
##***
##   
##* *
#init cSON cambra S O N
#print_c
Error::gen_driver:4:Objeto inexistente
##* *
##  *
##* *
#init cNEO cambra N E O
#print_c
Error::gen_driver:4:Objeto inexistente
##* *
##   
##***
###!
###!------------------------------------------------------------------
###1.5 Constructora 4 orientacions
###!------------------------------------------------------------------
###!
#init cNESO cambra N E O S
#print_c
Error::gen_driver:4:Objeto inexistente
##* *
##   
##* *
###!
###!
###!------------------------------------------------------------------
###2 Cambra: constructora per copia i destructora
###!------------------------------------------------------------------
###!
#initcopy ccopia = c
Error::gen_driver:4:Objeto inexistente
#ccopia print_c
Error::gen_driver:4:Objeto inexistente
##***
##* *
##***
#ccopia destroy
Error::gen_driver:4:Objeto inexistente
#initcopy ccopia = cNEO
Error::gen_driver:4:Objeto inexistente
#ccopia print_c
Error::gen_driver:4:Objeto inexistente
##* *
##   
##***
#ccopia destroy
Error::gen_driver:4:Objeto inexistente
###!
###!
###!------------------------------------------------------------------
###3 Cambra: copia
###!------------------------------------------------------------------
###!
#init ccopia cambra
#ccopia = cNEO
Error::gen_driver:4:Objeto inexistente
#ccopia print_c
Error::gen_driver:4:Objeto inexistente
##* *
##   
##***
#ccopia destroy
Error::gen_driver:4:Objeto inexistente
###!
###!
###!------------------------------------------------------------------
###4 Cambra: porta_oberta
###!------------------------------------------------------------------
###!
#c porta_oberta N
Error::gen_driver:4:Objeto inexistente
##false
#c porta_oberta E
Error::gen_driver:4:Objeto inexistente
##false
#c porta_oberta O
Error::gen_driver:4:Objeto inexistente
##false
#c porta_oberta S
Error::gen_driver:4:Objeto inexistente
##false
###!
#cN porta_oberta N
Error::gen_driver:4:Objeto inexistente
##true
#cN porta_oberta E
Error::gen_driver:4:Objeto inexistente
##false
#cN porta_oberta O
Error::gen_driver:4:Objeto inexistente
##false
#cN porta_oberta S
Error::gen_driver:4:Objeto inexistente
##false
###!
#cE porta_oberta N
Error::gen_driver:4:Objeto inexistente
##false
#cE porta_oberta E
Error::gen_driver:4:Objeto inexistente
##true
#cE porta_oberta O
Error::gen_driver:4:Objeto inexistente
##false
#cE porta_oberta S
Error::gen_driver:4:Objeto inexistente
##false
###!
#cO porta_oberta N
Error::gen_driver:4:Objeto inexistente
##false
#cO porta_oberta E
Error::gen_driver:4:Objeto inexistente
##false
#cO porta_oberta O
Error::gen_driver:4:Objeto inexistente
##true
#cO porta_oberta S
Error::gen_driver:4:Objeto inexistente
##false
###!
#cNES porta_oberta N
Error::gen_driver:4:Objeto inexistente
##true
#cNES porta_oberta E
Error::gen_driver:4:Objeto inexistente
##true
#cNES porta_oberta O
Error::gen_driver:4:Objeto inexistente
##false
#cNES porta_oberta S
Error::gen_driver:4:Objeto inexistente
##true
###!
#cESO porta_oberta N
Error::gen_driver:4:Objeto inexistente
##false
#cESO porta_oberta E
Error::gen_driver:4:Objeto inexistente
##true
#cESO porta_oberta O
Error::gen_driver:4:Objeto inexistente
##true
#cESO porta_oberta S
Error::gen_driver:4:Objeto inexistente
##true
###!
#cNESO porta_oberta N
Error::gen_driver:4:Objeto inexistente
##true
#cNESO porta_oberta E
Error::gen_driver:4:Objeto inexistente
##true
#cNESO porta_oberta O
Error::gen_driver:4:Objeto inexistente
##true
#cNESO porta_oberta S
Error::gen_driver:4:Objeto inexistente
##true
###!
#cNESO porta_oberta norte
Error::gen_driver:4:Objeto inexistente
##false
#cNESO porta_oberta NO_DIR
Error::gen_driver:4:Objeto inexistente
##false
#c porta_oberta NO_DIR
Error::gen_driver:4:Objeto inexistente
##false
###!
###!
###!------------------------------------------------------------------
###5 Cambra: obre_porta_c
###!------------------------------------------------------------------
###!
#c obre_porta_c N
Error::gen_driver:4:Objeto inexistente
#c print_c
Error::gen_driver:4:Objeto inexistente
##* *
##* *
##***
#c obre_porta_c E
Error::gen_driver:4:Objeto inexistente
#c print_c
Error::gen_driver:4:Objeto inexistente
##* *
##*  
##***
#c obre_porta_c O
Error::gen_driver:4:Objeto inexistente
#c print_c
Error::gen_driver:4:Objeto inexistente
##* *
##   
##***
#c obre_porta_c S
Error::gen_driver:4:Objeto inexistente
#c print_c
Error::gen_driver:4:Objeto inexistente
##* *
##   
##* *
#c obre_porta_c S
Error::gen_driver:4:Objeto inexistente
#c print_c
Error::gen_driver:4:Objeto inexistente
##* *
##   
##* *
#c obre_porta_c Sur
Error::gen_driver:4:Objeto inexistente
##Error::cambra:20:La paret no existeix.
#c obre_porta_c NO_DIR
Error::gen_driver:4:Objeto inexistente
##Error::cambra:20:La paret no existeix.
###!
###!
###!------------------------------------------------------------------
###6 Cambra: tanca_porta_c
###!------------------------------------------------------------------
###!
#c tanca_porta_c N
Error::gen_driver:4:Objeto inexistente
#c print_c
Error::gen_driver:4:Objeto inexistente
##***
##   
##* *
#c tanca_porta_c S
Error::gen_driver:4:Objeto inexistente
#c print_c
Error::gen_driver:4:Objeto inexistente
##***
##   
##***
#c tanca_porta_c O
Error::gen_driver:4:Objeto inexistente
#c print_c
Error::gen_driver:4:Objeto inexistente
##***
##*  
##***
#c tanca_porta_c E
Error::gen_driver:4:Objeto inexistente
#c print_c
Error::gen_driver:4:Objeto inexistente
##***
##* *
##***
#c tanca_porta_c E
Error::gen_driver:4:Objeto inexistente
#c print_c
Error::gen_driver:4:Objeto inexistente
##***
##* *
##***
#c tanca_porta_c Norte
Error::gen_driver:4:Objeto inexistente
##Error::cambra:20:La paret no existeix.
#c tanca_porta_c NO_DIR
Error::gen_driver:4:Objeto inexistente
##Error::cambra:20:La paret no existeix.
###!
###!
###!------------------------------------------------------------------
###7 Cambra: ==
###!------------------------------------------------------------------
###!
#cNE == cNE
Error::gen_driver:4:Objeto inexistente
##true
#cN == cNE
Error::gen_driver:4:Objeto inexistente
##false
#c == c
Error::gen_driver:4:Objeto inexistente
##true
#cNESO == cNESO
Error::gen_driver:4:Objeto inexistente
##true
#initcopy cSOcopia = cSO
Error::gen_driver:4:Objeto inexistente
#cSOcopia == cSO
Error::gen_driver:4:Objeto inexistente
##true
#cSOcopia obre_porta_c N
Error::gen_driver:4:Objeto inexistente
#cSOcopia == cSO
Error::gen_driver:4:Objeto inexistente
##false
#cSOcopia == cSON
Error::gen_driver:4:Objeto inexistente
##true
###!
###!
###!------------------------------------------------------------------
###8 Cambra: !=
###!------------------------------------------------------------------
###!
#cNE != cNE
Error::gen_driver:4:Objeto inexistente
##false
#cN != cNE
Error::gen_driver:4:Objeto inexistente
##true
#c != c
Error::gen_driver:4:Objeto inexistente
##false
#cNESO != cNESO
Error::gen_driver:4:Objeto inexistente
##false
#initcopy cSOcopia = cSO
Error::gen_driver:4:Objeto inexistente
#cSOcopia != cSO
Error::gen_driver:4:Objeto inexistente
##false
#cSOcopia obre_porta_c N
Error::gen_driver:4:Objeto inexistente
#cSOcopia != cSO
Error::gen_driver:4:Objeto inexistente
##true
#cSOcopia != cSON
Error::gen_driver:4:Objeto inexistente
##false
#cSOcopia destroy
Error::gen_driver:4:Objeto inexistente
###!
###!
###!------------------------------------------------------------------
###9 Cambra: <
###!------------------------------------------------------------------
###!
#cN < cNE
Error::gen_driver:4:Objeto inexistente
##true
#cNE < cSO
Error::gen_driver:4:Objeto inexistente
##false
###!
###!
###!------------------------------------------------------------------
###10 Cambra: destruccio
###!------------------------------------------------------------------
###!
#c destroy
Error::gen_driver:4:Objeto inexistente
#cN destroy
Error::gen_driver:4:Objeto inexistente
#cE destroy
Error::gen_driver:4:Objeto inexistente
#cS destroy
Error::gen_driver:4:Objeto inexistente
#cO destroy
Error::gen_driver:4:Objeto inexistente
#cNE destroy
Error::gen_driver:4:Objeto inexistente
#cNS destroy
Error::gen_driver:4:Objeto inexistente
#cNO destroy 
Error::gen_driver:4:Objeto inexistente
#cES destroy
Error::gen_driver:4:Objeto inexistente
#cEO destroy
Error::gen_driver:4:Objeto inexistente
#cSO destroy
Error::gen_driver:4:Objeto inexistente
#cNES destroy
Error::gen_driver:4:Objeto inexistente
#cNEO destroy
Error::gen_driver:4:Objeto inexistente
#cESO destroy
Error::gen_driver:4:Objeto inexistente
#cSON destroy
Error::gen_driver:4:Objeto inexistente
#cNESO destroy
Error::gen_driver:4:Objeto inexistente
###!
###! Fi del joc de proves de cambra
###!
